<?xml version="1.0" encoding="UTF-8"?>
<!-- Generated by org.testng.reporters.JUnitReportReporter -->
<testsuite hostname="SRIMAMID-IN" failures="0" tests="2" name="com.crm.qa.testcases.LoginPageTest" time="45.623" errors="0" timestamp="9 Jul 2020 02:48:17 GMT">
  <testcase classname="com.crm.qa.testcases.LoginPageTest" name="loginTest" time="18.800"/>
  <testcase classname="com.crm.qa.testcases.LoginPageTest" name="validateLoginPageTitle" time="26.823"/>
</testsuite>
