<?xml version="1.0" encoding="UTF-8"?>
<!-- Generated by org.testng.reporters.JUnitReportReporter -->
<testsuite hostname="SRIMAMID-IN" failures="0" tests="3" name="com.crm.qa.testcases.ContactsPageTest" time="105.830" errors="0" timestamp="9 Jul 2020 11:07:00 GMT">
  <testcase classname="com.crm.qa.testcases.ContactsPageTest" name="validateContactsPageTitle" time="18.632"/>
  <testcase classname="com.crm.qa.testcases.ContactsPageTest" name="createNewContact" time="41.096"/>
  <testcase classname="com.crm.qa.testcases.ContactsPageTest" name="createNewContact" time="46.102"/>
</testsuite>
